<?xml version="1.0" encoding="UTF-8"?>
<!-- Generated by org.testng.reporters.JUnitReportReporter -->
<testsuite hostname="LAPTOP-9D1NATOR" failures="0" tests="1" name="Amazon_TestPack.Amazon_Login" time="46.514" errors="0" timestamp="2023-06-19T15:26:38 IST" skipped="0">
  <testcase classname="Amazon_TestPack.Amazon_Login" name="Login" time="46.514"/>
  <system-out/>
</testsuite> <!-- Amazon_TestPack.Amazon_Login -->
